<?xml version="1.0" encoding="UTF-8"?>
<testsuite xmlns:xsi="http://www.w3.org/2001/XMLSchema-instance" xsi:noNamespaceSchemaLocation="https://maven.apache.org/surefire/maven-surefire-plugin/xsd/surefire-test-report.xsd" name="pt.isec.mei.ai.producer.AppTest" time="0.027" tests="1" errors="0" skipped="0" failures="0">
  <properties>
    <property name="java.specification.version" value="21"/>
    <property name="sun.cpu.isalist" value="amd64"/>
    <property name="sun.jnu.encoding" value="Cp1252"/>
    <property name="java.class.path" value="C:\Users\cm-sa\Documents\mestrado\1_ano\Ambient Int\tp_geofencing\flink\producer\simulator\target\test-classes;C:\Users\cm-sa\Documents\mestrado\1_ano\Ambient Int\tp_geofencing\flink\producer\simulator\target\classes;C:\Users\cm-sa\.m2\repository\junit\junit\4.11\junit-4.11.jar;C:\Users\cm-sa\.m2\repository\org\hamcrest\hamcrest-core\1.3\hamcrest-core-1.3.jar;"/>
    <property name="java.vm.vendor" value="Oracle Corporation"/>
    <property name="sun.arch.data.model" value="64"/>
    <property name="user.variant" value=""/>
    <property name="java.vendor.url" value="https://java.oracle.com/"/>
    <property name="user.timezone" value="Europe/Lisbon"/>
    <property name="os.name" value="Windows 11"/>
    <property name="java.vm.specification.version" value="21"/>
    <property name="sun.java.launcher" value="SUN_STANDARD"/>
    <property name="user.country" value="GB"/>
    <property name="sun.boot.library.path" value="C:\Program Files\java21\jdk-21\bin"/>
    <property name="sun.java.command" value="C:\Users\cm-sa\AppData\Local\Temp\surefire15172751786259622157\surefirebooter16293201280795884952.jar C:\Users\cm-sa\AppData\Local\Temp\surefire15172751786259622157 2023-06-04T23-40-57_073-jvmRun1 surefire16269896379036293316tmp surefire_06249880739305338310tmp"/>
    <property name="jdk.debug" value="release"/>
    <property name="surefire.test.class.path" value="C:\Users\cm-sa\Documents\mestrado\1_ano\Ambient Int\tp_geofencing\flink\producer\simulator\target\test-classes;C:\Users\cm-sa\Documents\mestrado\1_ano\Ambient Int\tp_geofencing\flink\producer\simulator\target\classes;C:\Users\cm-sa\.m2\repository\junit\junit\4.11\junit-4.11.jar;C:\Users\cm-sa\.m2\repository\org\hamcrest\hamcrest-core\1.3\hamcrest-core-1.3.jar;"/>
    <property name="sun.cpu.endian" value="little"/>
    <property name="user.home" value="C:\Users\cm-sa"/>
    <property name="user.language" value="en"/>
    <property name="java.specification.vendor" value="Oracle Corporation"/>
    <property name="java.version.date" value="2023-09-19"/>
    <property name="java.home" value="C:\Program Files\java21\jdk-21"/>
    <property name="file.separator" value="\"/>
    <property name="basedir" value="C:\Users\cm-sa\Documents\mestrado\1_ano\Ambient Int\tp_geofencing\flink\producer\simulator"/>
    <property name="java.vm.compressedOopsMode" value="Zero based"/>
    <property name="line.separator" value="&#10;"/>
    <property name="java.vm.specification.vendor" value="Oracle Corporation"/>
    <property name="java.specification.name" value="Java Platform API Specification"/>
    <property name="surefire.real.class.path" value="C:\Users\cm-sa\AppData\Local\Temp\surefire15172751786259622157\surefirebooter16293201280795884952.jar"/>
    <property name="user.script" value=""/>
    <property name="sun.management.compiler" value="HotSpot 64-Bit Tiered Compilers"/>
    <property name="java.runtime.version" value="21-ea+25-2212"/>
    <property name="user.name" value="cm-sa"/>
    <property name="stdout.encoding" value="Cp1252"/>
    <property name="path.separator" value=";"/>
    <property name="os.version" value="10.0"/>
    <property name="java.runtime.name" value="OpenJDK Runtime Environment"/>
    <property name="file.encoding" value="UTF-8"/>
    <property name="java.vm.name" value="OpenJDK 64-Bit Server VM"/>
    <property name="localRepository" value="C:\Users\cm-sa\.m2\repository"/>
    <property name="java.vendor.url.bug" value="https://bugreport.java.com/bugreport/"/>
    <property name="java.io.tmpdir" value="C:\Users\cm-sa\AppData\Local\Temp\"/>
    <property name="java.version" value="21-ea"/>
    <property name="user.dir" value="C:\Users\cm-sa\Documents\mestrado\1_ano\Ambient Int\tp_geofencing\flink\producer\simulator"/>
    <property name="os.arch" value="amd64"/>
    <property name="java.vm.specification.name" value="Java Virtual Machine Specification"/>
    <property name="sun.os.patch.level" value=""/>
    <property name="native.encoding" value="Cp1252"/>
    <property name="java.library.path" value="C:\Program Files\java21\jdk-21\bin;C:\WINDOWS\Sun\Java\bin;C:\WINDOWS\system32;C:\WINDOWS;C:\Program Files\java21\jdk-21\bin;C:\Program Files\NVIDIA GPU Computing Toolkit\CUDA\v11.5\bin;C:\Program Files\NVIDIA GPU Computing Toolkit\CUDA\v11.5\libnvvp;C:\Windows\system32;C:\Windows;C:\Windows\System32\Wbem;C:\Windows\System32\WindowsPowerShell\v1.0\;C:\Windows\System32\OpenSSH\;C:\Program Files (x86)\NVIDIA Corporation\PhysX\Common;C:\Program Files\NVIDIA Corporation\NVIDIA NvDLISR;C:\Program Files\PuTTY\;C:\Program Files\MiKTeX\miktex\bin\x64\;C:\WINDOWS\system32;C:\WINDOWS;C:\WINDOWS\System32\Wbem;C:\WINDOWS\System32\WindowsPowerShell\v1.0\;C:\WINDOWS\System32\OpenSSH\;c:\ProgramData\Anaconda3\Scripts;C:\ProgramData\Anaconda3\Lib\site-packages\graphviz;C:\Program Files\Graphviz\bin;C:\Program Files\NVIDIA Corporation\Nsight Compute 2021.3.1\;C:\Program Files\NVIDIA GPU Computing Toolkit\CUDA\v11.5\include;C:\Program Files\NVIDIA GPU Computing Toolkit\CUDA\v11.5\extras\CUPTI\lib64;C:\tools\cudnn-windows-x86_64-8.3.3.40_cuda11.5-archive\bin;C:\tools\cudnn-windows-x86_64-8.3.3.40_cuda11.5-archive\include;C:\tools\zlib123dllx64\dll_x64;C:\Program Files\Docker\Docker\resources\bin;C:\ProgramData\DockerDesktop\version-bin;C:\WINDOWS\system32;C:\WINDOWS;C:\WINDOWS\System32\Wbem;C:\WINDOWS\System32\WindowsPowerShell\v1.0\;C:\WINDOWS\System32\OpenSSH\;C:\Program Files\Portugal Identity Card\;C:\apache-maven-3.9.2\bin;C:\Users\cm-sa\scoop\shims;C:\Users\cm-sa\AppData\Local\Programs\Python\Python39\Scripts\;C:\Users\cm-sa\AppData\Local\Programs\Python\Python39\;C:\Users\cm-sa\AppData\Local\Microsoft\WindowsApps;C:\Users\cm-sa\AppData\Local\Programs\Microsoft VS Code\bin;C:\Users\cm-sa\AppData\Local\gitkraken\bin;C:\hdfs\hadoop-3.0.0\bin;C:\Users\cm-sa\AppData\Local\Microsoft\WindowsApps;;."/>
    <property name="java.vm.info" value="mixed mode, sharing"/>
    <property name="stderr.encoding" value="Cp1252"/>
    <property name="java.vendor" value="Oracle Corporation"/>
    <property name="java.vm.version" value="21-ea+25-2212"/>
    <property name="sun.io.unicode.encoding" value="UnicodeLittle"/>
    <property name="java.class.version" value="65.0"/>
  </properties>
  <testcase name="shouldAnswerWithTrue" classname="pt.isec.mei.ai.producer.AppTest" time="0.002"/>
</testsuite>